app/build/outputs/logs/manifest-merger-release-report.txt
-- Merging decision tree log ---
manifest
ADDED from src\main\AndroidManifest.xml:2:1-161:12
INJECTED from src\main\AndroidManifest.xml:2:1-161:12
INJECTED from src\main\AndroidManifest.xml:2:1-161:12
INJECTED from src\main\AndroidManifest.xml:2:1-161:12
MERGED from [de.keyboardsurfer.android.widget:crouton:1.8.5] AndroidManifest.xml:17:1-26:12
MERGED from [com.haozhang.libary:android-slanted-textview:1.2] AndroidManifest.xml:2:1-17:12
MERGED from [:materialbarcodescanner] AndroidManifest.xml:2:1-32:12
MERGED from [com.uniquestudio:checkbox:1.0.1] AndroidManifest.xml:2:1-17:12
MERGED from [com.emmasuzuki:easyform:1.1.0] AndroidManifest.xml:2:1-18:12
MERGED from [eu.inloop:simplerecycleradapter:0.3.1] AndroidManifest.xml:2:1-11:12
MERGED from [com.jzxiang.pickerview:TimePickerDialog:1.0.1] AndroidManifest.xml:2:1-16:12
MERGED from [com.weiwangcn.betterspinner:library-material:1.1.0] AndroidManifest.xml:2:1-16:12
MERGED from [pl.coreorb:selection-dialogs:0.9.1] AndroidManifest.xml:2:1-14:12
MERGED from [co.lemonlabs:expandable-button-menu:1.0.0] AndroidManifest.xml:2:1-13:12
MERGED from [com.github.florent37:singledateandtimepicker:1.2.2] AndroidManifest.xml:2:1-12:12
MERGED from [com.rengwuxian.materialedittext:library:2.0.3] AndroidManifest.xml:2:1-10:12
MERGED from [:sweet_alert_dialog_library] AndroidManifest.xml:2:1-11:12
MERGED from [com.pnikosis:materialish-progress:1.0] AndroidManifest.xml:2:1-17:12
MERGED from [com.android.support:design:27.1.0] AndroidManifest.xml:17:1-22:12
MERGED from [com.android.support:appcompat-v7:27.1.0] AndroidManifest.xml:17:1-22:12
MERGED from [com.android.support:cardview-v7:27.1.0] AndroidManifest.xml:17:1-22:12
MERGED from [com.android.support.constraint:constraint-layout:1.0.2] AndroidManifest.xml:2:1-11:12
MERGED from [com.amulyakhare:com.amulyakhare.textdrawable:1.0.1] AndroidManifest.xml:2:1-14:12
MERGED from [com.labo.kaji:swipeawaydialog:0.1.0] AndroidManifest.xml:2:1-16:12
MERGED from [com.baoyz.swipemenulistview:library:1.3.0] AndroidManifest.xml:2:1-11:12
MERGED from [com.google.android.gms:play-services-maps:11.6.0] AndroidManifest.xml:16:1-25:12
MERGED from [com.github.paolorotolo:expandableheightlistview:1.0.0] AndroidManifest.xml:2:1-11:12
MERGED from [com.victor:lib:1.0.4] AndroidManifest.xml:2:1-16:12
MERGED from [me.grantland:autofittextview:0.2.1] AndroidManifest.xml:2:1-11:12
MERGED from [com.jakewharton:butterknife:8.0.1] AndroidManifest.xml:2:1-7:12
MERGED from [com.rilixtech:entypo-typeface:1.0.0.3] AndroidManifest.xml:2:1-12:12
MERGED from [com.rilixtech:materialfancybuttons:1.8.7] AndroidManifest.xml:2:1-12:12
MERGED from [com.google.android.gms:play-services-vision:11.6.0] AndroidManifest.xml:2:1-5:12
MERGED from [me.dm7.barcodescanner:zbar:1.9.8] AndroidManifest.xml:2:1-13:12
MERGED from [me.dm7.barcodescanner:core:1.9.8] AndroidManifest.xml:2:1-13:12
MERGED from [:folding-cell] AndroidManifest.xml:2:1-12:12
MERGED from [:lib_badge] AndroidManifest.xml:2:1-11:12
MERGED from [:library_bth] AndroidManifest.xml:2:1-14:12
MERGED from [:SpinKitLib] AndroidManifest.xml:2:1-11:12
MERGED from [com.android.support:multidex:1.0.2] AndroidManifest.xml:17:1-22:12
MERGED from [com.google.android.gms:play-services-vision-common:11.6.0] AndroidManifest.xml:2:1-5:12
MERGED from [com.google.android.gms:play-services-base:11.6.0] AndroidManifest.xml:16:1-21:12
MERGED from [com.google.android.gms:play-services-tasks:11.6.0] AndroidManifest.xml:2:1-5:12
MERGED from [com.google.android.gms:play-services-basement:11.6.0] AndroidManifest.xml:16:1-23:12
MERGED from [com.android.support:support-v4:27.1.0] AndroidManifest.xml:17:1-22:12
MERGED from [com.android.support:support-fragment:27.1.0] AndroidManifest.xml:17:1-22:12
MERGED from [com.android.support:animated-vector-drawable:27.1.0] AndroidManifest.xml:17:1-22:12
MERGED from [com.android.support:recyclerview-v7:27.1.0] AndroidManifest.xml:17:1-22:12
MERGED from [com.android.support:support-core-ui:27.1.0] AndroidManifest.xml:17:1-22:12
MERGED from [com.android.support:support-core-utils:27.1.0] AndroidManifest.xml:17:1-22:12
MERGED from [com.android.support:support-vector-drawable:27.1.0] AndroidManifest.xml:17:1-22:12
MERGED from [com.android.support:support-media-compat:27.1.0] AndroidManifest.xml:17:1-22:12
MERGED from [com.android.support:transition:27.1.0] AndroidManifest.xml:17:1-22:12
MERGED from [com.android.support:support-compat:27.1.0] AndroidManifest.xml:17:1-22:12
MERGED from [com.google.android.gms:play-services-maps-license:11.6.0] AndroidManifest.xml:2:1-6:12
MERGED from [com.balysv:material-ripple:1.0.2] AndroidManifest.xml:2:1-14:12
MERGED from [com.google.android.gms:play-services-vision-license:11.6.0] AndroidManifest.xml:2:1-6:12
MERGED from [com.google.android.gms:play-services-base-license:11.6.0] AndroidManifest.xml:2:1-6:12
MERGED from [com.google.android.gms:play-services-basement-license:11.6.0] AndroidManifest.xml:2:1-6:12
MERGED from [com.google.android.gms:play-services-vision-common-license:11.6.0] AndroidManifest.xml:2:1-6:12
MERGED from [com.google.android.gms:play-services-tasks-license:11.6.0] AndroidManifest.xml:2:1-6:12
MERGED from [android.arch.lifecycle:livedata-core:1.1.0] AndroidManifest.xml:17:1-22:12
MERGED from [android.arch.lifecycle:viewmodel:1.1.0] AndroidManifest.xml:17:1-22:12
MERGED from [android.arch.lifecycle:runtime:1.1.0] AndroidManifest.xml:17:1-22:12
MERGED from [android.arch.core:runtime:1.1.0] AndroidManifest.xml:17:1-22:12
INJECTED from src\main\AndroidManifest.xml:2:1-161:12
INJECTED from src\main\AndroidManifest.xml:2:1-161:12
INJECTED from src\main\AndroidManifest.xml:2:1-161:12
	package
		ADDED from src\main\AndroidManifest.xml:4:5-42
		INJECTED from src\main\AndroidManifest.xml
		INJECTED from src\main\AndroidManifest.xml
	android:versionName
		INJECTED from src\main\AndroidManifest.xml
		ADDED from src\main\AndroidManifest.xml:2:1-161:12
		INJECTED from src\main\AndroidManifest.xml
	xmlns:tools
		ADDED from src\main\AndroidManifest.xml:3:5-51
	android:versionCode
		INJECTED from src\main\AndroidManifest.xml
		ADDED from src\main\AndroidManifest.xml:2:1-161:12
		INJECTED from src\main\AndroidManifest.xml
	xmlns:android
		ADDED from src\main\AndroidManifest.xml:2:11-69
uses-permission#android.permission.INTERNET
ADDED from src\main\AndroidManifest.xml:8:5-67
MERGED from [com.google.android.gms:play-services-maps:11.6.0] AndroidManifest.xml:20:5-66
MERGED from [com.google.android.gms:play-services-maps:11.6.0] AndroidManifest.xml:20:5-66
	android:name
		ADDED from src\main\AndroidManifest.xml:8:22-64
uses-permission#android.permission.CAMERA
ADDED from src\main\AndroidManifest.xml:9:5-65
MERGED from [:materialbarcodescanner] AndroidManifest.xml:13:5-65
MERGED from [:materialbarcodescanner] AndroidManifest.xml:13:5-65
	android:name
		ADDED from src\main\AndroidManifest.xml:9:22-62
uses-permission#android.permission.VIBRATE
ADDED from src\main\AndroidManifest.xml:10:5-66
	android:name
		ADDED from src\main\AndroidManifest.xml:10:22-63
uses-permission#android.permission.BLUETOOTH
ADDED from src\main\AndroidManifest.xml:11:5-68
MERGED from [:library_bth] AndroidManifest.xml:7:5-68
MERGED from [:library_bth] AndroidManifest.xml:7:5-68
	android:name
		ADDED from src\main\AndroidManifest.xml:11:22-65
uses-permission#android.permission.BLUETOOTH_ADMIN
ADDED from src\main\AndroidManifest.xml:12:5-74
MERGED from [:library_bth] AndroidManifest.xml:8:5-74
MERGED from [:library_bth] AndroidManifest.xml:8:5-74
	android:name
		ADDED from src\main\AndroidManifest.xml:12:22-71
uses-permission#android.permission.CALL_PHONE
ADDED from src\main\AndroidManifest.xml:13:5-69
	android:name
		ADDED from src\main\AndroidManifest.xml:13:22-66
uses-permission#android.permission.WRITE_EXTERNAL_STORAGE
ADDED from src\main\AndroidManifest.xml:14:5-81
	android:name
		ADDED from src\main\AndroidManifest.xml:14:22-78
uses-permission#android.permission.ACCESS_FINE_LOCATION
ADDED from src\main\AndroidManifest.xml:15:5-79
	android:name
		ADDED from src\main\AndroidManifest.xml:15:22-76
uses-permission#android.permission.READ_PHONE_STATE
ADDED from src\main\AndroidManifest.xml:16:5-75
	android:name
		ADDED from src\main\AndroidManifest.xml:16:22-72
uses-permission#android.permission.ACCESS_NETWORK_STATE
ADDED from src\main\AndroidManifest.xml:17:5-79
MERGED from [com.google.android.gms:play-services-maps:11.6.0] AndroidManifest.xml:19:5-78
MERGED from [com.google.android.gms:play-services-maps:11.6.0] AndroidManifest.xml:19:5-78
	android:name
		ADDED from src\main\AndroidManifest.xml:17:22-76
uses-permission#android.permission.ACCESS_COARSE_LOCATION
ADDED from src\main\AndroidManifest.xml:18:5-80
	android:name
		ADDED from src\main\AndroidManifest.xml:18:22-78
uses-permission#android.permission.READ_EXTERNAL_STORAGE
ADDED from src\main\AndroidManifest.xml:19:5-80
	android:name
		ADDED from src\main\AndroidManifest.xml:19:22-77
uses-feature#android.hardware.usb.host
ADDED from src\main\AndroidManifest.xml:22:5-24:36
	android:required
		ADDED from src\main\AndroidManifest.xml:24:9-33
	android:name
		ADDED from src\main\AndroidManifest.xml:23:9-49
application
ADDED from src\main\AndroidManifest.xml:26:5-159:19
MERGED from [com.haozhang.libary:android-slanted-textview:1.2] AndroidManifest.xml:11:5-15:19
MERGED from [com.haozhang.libary:android-slanted-textview:1.2] AndroidManifest.xml:11:5-15:19
MERGED from [:materialbarcodescanner] AndroidManifest.xml:15:5-30:19
MERGED from [:materialbarcodescanner] AndroidManifest.xml:15:5-30:19
MERGED from [com.uniquestudio:checkbox:1.0.1] AndroidManifest.xml:11:5-15:19
MERGED from [com.uniquestudio:checkbox:1.0.1] AndroidManifest.xml:11:5-15:19
MERGED from [com.emmasuzuki:easyform:1.1.0] AndroidManifest.xml:11:5-16:19
MERGED from [com.emmasuzuki:easyform:1.1.0] AndroidManifest.xml:11:5-16:19
MERGED from [com.jzxiang.pickerview:TimePickerDialog:1.0.1] AndroidManifest.xml:11:5-14:19
MERGED from [com.jzxiang.pickerview:TimePickerDialog:1.0.1] AndroidManifest.xml:11:5-14:19
MERGED from [com.weiwangcn.betterspinner:library-material:1.1.0] AndroidManifest.xml:11:5-14:19
MERGED from [com.weiwangcn.betterspinner:library-material:1.1.0] AndroidManifest.xml:11:5-14:19
MERGED from [pl.coreorb:selection-dialogs:0.9.1] AndroidManifest.xml:12:5-20
MERGED from [pl.coreorb:selection-dialogs:0.9.1] AndroidManifest.xml:12:5-20
MERGED from [co.lemonlabs:expandable-button-menu:1.0.0] AndroidManifest.xml:11:5-20
MERGED from [co.lemonlabs:expandable-button-menu:1.0.0] AndroidManifest.xml:11:5-20
MERGED from [:sweet_alert_dialog_library] AndroidManifest.xml:9:5-20
MERGED from [:sweet_alert_dialog_library] AndroidManifest.xml:9:5-20
MERGED from [com.pnikosis:materialish-progress:1.0] AndroidManifest.xml:11:5-15:19
MERGED from [com.pnikosis:materialish-progress:1.0] AndroidManifest.xml:11:5-15:19
MERGED from [com.android.support.constraint:constraint-layout:1.0.2] AndroidManifest.xml:9:5-20
MERGED from [com.android.support.constraint:constraint-layout:1.0.2] AndroidManifest.xml:9:5-20
MERGED from [com.amulyakhare:com.amulyakhare.textdrawable:1.0.1] AndroidManifest.xml:12:5-20
MERGED from [com.amulyakhare:com.amulyakhare.textdrawable:1.0.1] AndroidManifest.xml:12:5-20
MERGED from [com.labo.kaji:swipeawaydialog:0.1.0] AndroidManifest.xml:11:5-14:19
MERGED from [com.labo.kaji:swipeawaydialog:0.1.0] AndroidManifest.xml:11:5-14:19
MERGED from [com.google.android.gms:play-services-maps:11.6.0] AndroidManifest.xml:24:5-19
MERGED from [com.google.android.gms:play-services-maps:11.6.0] AndroidManifest.xml:24:5-19
MERGED from [com.victor:lib:1.0.4] AndroidManifest.xml:11:5-14:19
MERGED from [com.victor:lib:1.0.4] AndroidManifest.xml:11:5-14:19
MERGED from [com.google.android.gms:play-services-vision:11.6.0] AndroidManifest.xml:4:5-19
MERGED from [com.google.android.gms:play-services-vision:11.6.0] AndroidManifest.xml:4:5-19
MERGED from [me.dm7.barcodescanner:zbar:1.9.8] AndroidManifest.xml:11:5-20
MERGED from [me.dm7.barcodescanner:zbar:1.9.8] AndroidManifest.xml:11:5-20
MERGED from [me.dm7.barcodescanner:core:1.9.8] AndroidManifest.xml:11:5-20
MERGED from [me.dm7.barcodescanner:core:1.9.8] AndroidManifest.xml:11:5-20
MERGED from [:library_bth] AndroidManifest.xml:10:5-12:19
MERGED from [:library_bth] AndroidManifest.xml:10:5-12:19
MERGED from [com.google.android.gms:play-services-vision-common:11.6.0] AndroidManifest.xml:4:5-19
MERGED from [com.google.android.gms:play-services-vision-common:11.6.0] AndroidManifest.xml:4:5-19
MERGED from [com.google.android.gms:play-services-base:11.6.0] AndroidManifest.xml:18:5-20:19
MERGED from [com.google.android.gms:play-services-base:11.6.0] AndroidManifest.xml:18:5-20:19
MERGED from [com.google.android.gms:play-services-tasks:11.6.0] AndroidManifest.xml:4:5-19
MERGED from [com.google.android.gms:play-services-tasks:11.6.0] AndroidManifest.xml:4:5-19
MERGED from [com.google.android.gms:play-services-basement:11.6.0] AndroidManifest.xml:19:5-21:19
MERGED from [com.google.android.gms:play-services-basement:11.6.0] AndroidManifest.xml:19:5-21:19
MERGED from [com.google.android.gms:play-services-maps-license:11.6.0] AndroidManifest.xml:5:5-20
MERGED from [com.google.android.gms:play-services-maps-license:11.6.0] AndroidManifest.xml:5:5-20
MERGED from [com.balysv:material-ripple:1.0.2] AndroidManifest.xml:12:5-20
MERGED from [com.balysv:material-ripple:1.0.2] AndroidManifest.xml:12:5-20
MERGED from [com.google.android.gms:play-services-vision-license:11.6.0] AndroidManifest.xml:5:5-20
MERGED from [com.google.android.gms:play-services-vision-license:11.6.0] AndroidManifest.xml:5:5-20
MERGED from [com.google.android.gms:play-services-base-license:11.6.0] AndroidManifest.xml:5:5-20
MERGED from [com.google.android.gms:play-services-base-license:11.6.0] AndroidManifest.xml:5:5-20
MERGED from [com.google.android.gms:play-services-basement-license:11.6.0] AndroidManifest.xml:5:5-20
MERGED from [com.google.android.gms:play-services-basement-license:11.6.0] AndroidManifest.xml:5:5-20
MERGED from [com.google.android.gms:play-services-vision-common-license:11.6.0] AndroidManifest.xml:5:5-20
MERGED from [com.google.android.gms:play-services-vision-common-license:11.6.0] AndroidManifest.xml:5:5-20
MERGED from [com.google.android.gms:play-services-tasks-license:11.6.0] AndroidManifest.xml:5:5-20
MERGED from [com.google.android.gms:play-services-tasks-license:11.6.0] AndroidManifest.xml:5:5-20
	android:supportsRtl
		ADDED from src\main\AndroidManifest.xml:31:9-35
	android:label
		ADDED from src\main\AndroidManifest.xml:29:9-41
	android:roundIcon
		ADDED from src\main\AndroidManifest.xml:30:9-54
	android:icon
		ADDED from src\main\AndroidManifest.xml:28:9-43
		REJECTED from [com.emmasuzuki:easyform:1.1.0] AndroidManifest.xml:13:9-43
		REJECTED from [com.pnikosis:materialish-progress:1.0] AndroidManifest.xml:13:9-45
	android:allowBackup
		ADDED from src\main\AndroidManifest.xml:27:9-35
	android:theme
		ADDED from src\main\AndroidManifest.xml:32:9-40
	tools:replace
		ADDED from src\main\AndroidManifest.xml:34:9-37
	android:name
		ADDED from src\main\AndroidManifest.xml:33:9-68
activity#com.safesoft.pro.distribute.MainActivity
ADDED from src\main\AndroidManifest.xml:37:9-39:15
	android:theme
		ADDED from src\main\AndroidManifest.xml:38:13-72
	android:name
		ADDED from src\main\AndroidManifest.xml:37:19-47
activity#com.safesoft.pro.distribute.splashscreen.splashScreen
ADDED from src\main\AndroidManifest.xml:42:9-50:20
	android:theme
		ADDED from src\main\AndroidManifest.xml:44:13-69
	android:name
		ADDED from src\main\AndroidManifest.xml:43:13-54
intent-filter#action:name:android.intent.action.MAIN+category:name:android.intent.category.LAUNCHER
ADDED from src\main\AndroidManifest.xml:45:13-49:29
action#android.intent.action.MAIN
ADDED from src\main\AndroidManifest.xml:46:17-69
	android:name
		ADDED from src\main\AndroidManifest.xml:46:25-66
category#android.intent.category.LAUNCHER
ADDED from src\main\AndroidManifest.xml:48:17-77
	android:name
		ADDED from src\main\AndroidManifest.xml:48:27-74
activity#com.safesoft.pro.distribute.activation.ActivityActivation
ADDED from src\main\AndroidManifest.xml:53:9-67
	android:name
		ADDED from src\main\AndroidManifest.xml:53:19-64
activity#com.safesoft.pro.distribute.activities.ActivityClients
ADDED from src\main\AndroidManifest.xml:57:9-64
	android:name
		ADDED from src\main\AndroidManifest.xml:57:19-61
activity#com.safesoft.pro.distribute.activities.ActivityClientDetail
ADDED from src\main\AndroidManifest.xml:58:9-69
	android:name
		ADDED from src\main\AndroidManifest.xml:58:19-66
activity#com.safesoft.pro.distribute.activities.ActivityNewClient
ADDED from src\main\AndroidManifest.xml:59:9-66
	android:name
		ADDED from src\main\AndroidManifest.xml:59:19-63
activity#com.safesoft.pro.distribute.activities.ActivityProduits
ADDED from src\main\AndroidManifest.xml:62:9-65
	android:name
		ADDED from src\main\AndroidManifest.xml:62:19-62
activity#com.safesoft.pro.distribute.activities.ActivityProduitDetail
ADDED from src\main\AndroidManifest.xml:63:9-70
	android:name
		ADDED from src\main\AndroidManifest.xml:63:19-67
activity#com.safesoft.pro.distribute.activities.ActivityTransfer1
ADDED from src\main\AndroidManifest.xml:66:9-66
	android:name
		ADDED from src\main\AndroidManifest.xml:66:19-63
activity#com.safesoft.pro.distribute.activities.ActivityTransfert2Detail
ADDED from src\main\AndroidManifest.xml:67:9-73
	android:name
		ADDED from src\main\AndroidManifest.xml:67:19-70
activity#com.safesoft.pro.distribute.activities.ActivityImportsExport
ADDED from src\main\AndroidManifest.xml:70:9-70
	android:name
		ADDED from src\main\AndroidManifest.xml:70:19-67
activity#com.safesoft.pro.distribute.activities.ActivitySetting
ADDED from src\main\AndroidManifest.xml:71:9-64
	android:name
		ADDED from src\main\AndroidManifest.xml:71:19-61
activity#com.safesoft.pro.distribute.activities.ActivityExportedVentes
ADDED from src\main\AndroidManifest.xml:72:9-71
	android:name
		ADDED from src\main\AndroidManifest.xml:72:19-68
activity#com.safesoft.pro.distribute.activities.ActivityInventaireAchat
ADDED from src\main\AndroidManifest.xml:73:9-72
	android:name
		ADDED from src\main\AndroidManifest.xml:73:19-69
activity#com.safesoft.pro.distribute.activities.login.ActivityLogin
ADDED from src\main\AndroidManifest.xml:77:9-79:52
	android:theme
		ADDED from src\main\AndroidManifest.xml:79:13-49
	android:name
		ADDED from src\main\AndroidManifest.xml:78:13-59
activity#com.safesoft.pro.distribute.activities.login.ActivityChangePwd
ADDED from src\main\AndroidManifest.xml:80:9-82:52
	android:theme
		ADDED from src\main\AndroidManifest.xml:82:13-49
	android:name
		ADDED from src\main\AndroidManifest.xml:81:13-63
activity#com.safesoft.pro.distribute.activities.achats.ActivityAchat
ADDED from src\main\AndroidManifest.xml:85:9-69
	android:name
		ADDED from src\main\AndroidManifest.xml:85:19-66
activity#com.safesoft.pro.distribute.activities.achats.ActivityNewAchat
ADDED from src\main\AndroidManifest.xml:86:9-72
	android:name
		ADDED from src\main\AndroidManifest.xml:86:19-69
activity#com.safesoft.pro.distribute.activities.achats.ActivityAchatDetails
ADDED from src\main\AndroidManifest.xml:87:9-76
	android:name
		ADDED from src\main\AndroidManifest.xml:87:19-73
activity#com.safesoft.pro.distribute.activities.inventaire.ActivityInventaire
ADDED from src\main\AndroidManifest.xml:91:9-78
	android:name
		ADDED from src\main\AndroidManifest.xml:91:19-75
activity#com.safesoft.pro.distribute.activities.inventaire.ActivityNewInventory
ADDED from src\main\AndroidManifest.xml:92:9-80
	android:name
		ADDED from src\main\AndroidManifest.xml:92:19-77
activity#com.safesoft.pro.distribute.activities.inventaire.ActivityInventaireDetails
ADDED from src\main\AndroidManifest.xml:93:9-85
	android:name
		ADDED from src\main\AndroidManifest.xml:93:19-82
activity#com.safesoft.pro.distribute.scanner.FullScannerActivity
ADDED from src\main\AndroidManifest.xml:96:9-97:58
	android:theme
		ADDED from src\main\AndroidManifest.xml:97:13-56
	android:name
		ADDED from src\main\AndroidManifest.xml:96:19-62
activity#com.safesoft.pro.distribute.scanner.BaseScannerActivity
ADDED from src\main\AndroidManifest.xml:98:9-65
	android:name
		ADDED from src\main\AndroidManifest.xml:98:19-62
activity#com.safesoft.pro.distribute.activities.vente.ActivityNewSale
ADDED from src\main\AndroidManifest.xml:101:9-70
	android:name
		ADDED from src\main\AndroidManifest.xml:101:19-67
activity#com.safesoft.pro.distribute.activities.vente.ActivityAddProduct
ADDED from src\main\AndroidManifest.xml:102:9-73
	android:name
		ADDED from src\main\AndroidManifest.xml:102:19-70
activity#com.safesoft.pro.distribute.activities.ActivityVersement
ADDED from src\main\AndroidManifest.xml:103:9-66
	android:name
		ADDED from src\main\AndroidManifest.xml:103:19-63
activity#com.safesoft.pro.distribute.activities.vente.ActivityVentes
ADDED from src\main\AndroidManifest.xml:104:9-69
	android:name
		ADDED from src\main\AndroidManifest.xml:104:19-66
activity#com.safesoft.pro.distribute.activities.vente.ActivityEditSale
ADDED from src\main\AndroidManifest.xml:105:9-71
	android:name
		ADDED from src\main\AndroidManifest.xml:105:19-68
activity#com.safesoft.pro.distribute.activities.vente.ActivityBon2
ADDED from src\main\AndroidManifest.xml:106:9-67
	android:name
		ADDED from src\main\AndroidManifest.xml:106:19-64
activity#com.safesoft.pro.distribute.activities.commande.ActivityCommandes
ADDED from src\main\AndroidManifest.xml:109:9-75
	android:name
		ADDED from src\main\AndroidManifest.xml:109:19-72
activity#com.safesoft.pro.distribute.activities.commande.ActivityNewCommande
ADDED from src\main\AndroidManifest.xml:110:9-77
	android:name
		ADDED from src\main\AndroidManifest.xml:110:19-74
activity#com.safesoft.pro.distribute.activities.commande.ActivityAddProduct_Commande
ADDED from src\main\AndroidManifest.xml:111:9-85
	android:name
		ADDED from src\main\AndroidManifest.xml:111:19-82
activity#com.safesoft.pro.distribute.activities.commande.ActivityEditCommande
ADDED from src\main\AndroidManifest.xml:112:9-78
	android:name
		ADDED from src\main\AndroidManifest.xml:112:19-75
activity#com.safesoft.pro.distribute.activities.commande.ActivityCommande2
ADDED from src\main\AndroidManifest.xml:113:9-75
	android:name
		ADDED from src\main\AndroidManifest.xml:113:19-72
activity#com.safesoft.pro.distribute.dropBox.ActivityDropBoxSend
ADDED from src\main\AndroidManifest.xml:116:9-118:60
	android:configChanges
		ADDED from src\main\AndroidManifest.xml:118:13-57
	android:name
		ADDED from src\main\AndroidManifest.xml:117:13-56
activity#com.safesoft.pro.distribute.dropBox.ActivityDropBoxSend_Commande
ADDED from src\main\AndroidManifest.xml:119:9-121:60
	android:configChanges
		ADDED from src\main\AndroidManifest.xml:121:13-57
	android:name
		ADDED from src\main\AndroidManifest.xml:120:13-65
activity#com.safesoft.pro.distribute.dropBox.ActivityDropBoxRead_Transfert
ADDED from src\main\AndroidManifest.xml:122:9-124:60
	android:configChanges
		ADDED from src\main\AndroidManifest.xml:124:13-57
	android:name
		ADDED from src\main\AndroidManifest.xml:123:13-66
activity#com.dropbox.client2.android.AuthActivity
ADDED from src\main\AndroidManifest.xml:125:9-139:20
	android:launchMode
		ADDED from src\main\AndroidManifest.xml:128:13-44
	android:configChanges
		ADDED from src\main\AndroidManifest.xml:127:13-57
	android:name
		ADDED from src\main\AndroidManifest.xml:126:13-68
intent-filter#action:name:android.intent.action.VIEW+category:name:android.intent.category.BROWSABLE+category:name:android.intent.category.DEFAULT+data:scheme:db-oqzeht4nuhmlmap
ADDED from src\main\AndroidManifest.xml:129:13-138:29
data
ADDED from src\main\AndroidManifest.xml:132:17-61
	android:scheme
		ADDED from src\main\AndroidManifest.xml:132:23-58
action#android.intent.action.VIEW
ADDED from src\main\AndroidManifest.xml:134:17-69
	android:name
		ADDED from src\main\AndroidManifest.xml:134:25-66
category#android.intent.category.BROWSABLE
ADDED from src\main\AndroidManifest.xml:136:17-78
	android:name
		ADDED from src\main\AndroidManifest.xml:136:27-75
category#android.intent.category.DEFAULT
ADDED from src\main\AndroidManifest.xml:137:17-76
	android:name
		ADDED from src\main\AndroidManifest.xml:137:27-73
service#com.safesoft.pro.distribute.services.ServiceDistribute
ADDED from src\main\AndroidManifest.xml:142:9-144:45
	android:label
		ADDED from src\main\AndroidManifest.xml:144:13-42
	android:name
		ADDED from src\main\AndroidManifest.xml:143:13-55
service#com.safesoft.pro.distribute.gps.ServiceLocation
ADDED from src\main\AndroidManifest.xml:145:9-56
	android:name
		ADDED from src\main\AndroidManifest.xml:145:18-53
activity#com.safesoft.pro.distribute.activities.ActivityMaps
ADDED from src\main\AndroidManifest.xml:148:9-151:59
	android:label
		ADDED from src\main\AndroidManifest.xml:151:13-56
	android:name
		ADDED from src\main\AndroidManifest.xml:149:13-52
activity#com.safesoft.pro.distribute.activities.ActivityEtatV
ADDED from src\main\AndroidManifest.xml:152:9-62
	android:name
		ADDED from src\main\AndroidManifest.xml:152:19-59
meta-data#com.google.android.geo.API_KEY
ADDED from src\main\AndroidManifest.xml:155:9-157:55
	android:value
		ADDED from src\main\AndroidManifest.xml:157:13-52
	android:name
		ADDED from src\main\AndroidManifest.xml:156:13-58
uses-sdk
INJECTED from src\main\AndroidManifest.xml reason: use-sdk injection requested
INJECTED from src\main\AndroidManifest.xml
INJECTED from src\main\AndroidManifest.xml
MERGED from [de.keyboardsurfer.android.widget:crouton:1.8.5] AndroidManifest.xml:22:5-24:41
MERGED from [de.keyboardsurfer.android.widget:crouton:1.8.5] AndroidManifest.xml:22:5-24:41
MERGED from [com.haozhang.libary:android-slanted-textview:1.2] AndroidManifest.xml:7:5-9:41
MERGED from [com.haozhang.libary:android-slanted-textview:1.2] AndroidManifest.xml:7:5-9:41
MERGED from [:materialbarcodescanner] AndroidManifest.xml:7:5-9:41
MERGED from [:materialbarcodescanner] AndroidManifest.xml:7:5-9:41
MERGED from [com.uniquestudio:checkbox:1.0.1] AndroidManifest.xml:7:5-9:41
MERGED from [com.uniquestudio:checkbox:1.0.1] AndroidManifest.xml:7:5-9:41
MERGED from [com.emmasuzuki:easyform:1.1.0] AndroidManifest.xml:7:5-9:41
MERGED from [com.emmasuzuki:easyform:1.1.0] AndroidManifest.xml:7:5-9:41
MERGED from [eu.inloop:simplerecycleradapter:0.3.1] AndroidManifest.xml:7:5-9:41
MERGED from [eu.inloop:simplerecycleradapter:0.3.1] AndroidManifest.xml:7:5-9:41
MERGED from [com.jzxiang.pickerview:TimePickerDialog:1.0.1] AndroidManifest.xml:7:5-9:41
MERGED from [com.jzxiang.pickerview:TimePickerDialog:1.0.1] AndroidManifest.xml:7:5-9:41
MERGED from [com.weiwangcn.betterspinner:library-material:1.1.0] AndroidManifest.xml:7:5-9:41
MERGED from [com.weiwangcn.betterspinner:library-material:1.1.0] AndroidManifest.xml:7:5-9:41
MERGED from [pl.coreorb:selection-dialogs:0.9.1] AndroidManifest.xml:8:5-10:41
MERGED from [pl.coreorb:selection-dialogs:0.9.1] AndroidManifest.xml:8:5-10:41
MERGED from [co.lemonlabs:expandable-button-menu:1.0.0] AndroidManifest.xml:7:5-9:41
MERGED from [co.lemonlabs:expandable-button-menu:1.0.0] AndroidManifest.xml:7:5-9:41
MERGED from [com.github.florent37:singledateandtimepicker:1.2.2] AndroidManifest.xml:8:5-10:41
MERGED from [com.github.florent37:singledateandtimepicker:1.2.2] AndroidManifest.xml:8:5-10:41
MERGED from [com.rengwuxian.materialedittext:library:2.0.3] AndroidManifest.xml:6:5-8:41
MERGED from [com.rengwuxian.materialedittext:library:2.0.3] AndroidManifest.xml:6:5-8:41
MERGED from [:sweet_alert_dialog_library] AndroidManifest.xml:7:5-43
MERGED from [:sweet_alert_dialog_library] AndroidManifest.xml:7:5-43
MERGED from [com.pnikosis:materialish-progress:1.0] AndroidManifest.xml:7:5-9:41
MERGED from [com.pnikosis:materialish-progress:1.0] AndroidManifest.xml:7:5-9:41
MERGED from [com.android.support:design:27.1.0] AndroidManifest.xml:20:5-44
MERGED from [com.android.support:design:27.1.0] AndroidManifest.xml:20:5-44
MERGED from [com.android.support:appcompat-v7:27.1.0] AndroidManifest.xml:20:5-44
MERGED from [com.android.support:appcompat-v7:27.1.0] AndroidManifest.xml:20:5-44
MERGED from [com.android.support:cardview-v7:27.1.0] AndroidManifest.xml:20:5-44
MERGED from [com.android.support:cardview-v7:27.1.0] AndroidManifest.xml:20:5-44
MERGED from [com.android.support.constraint:constraint-layout:1.0.2] AndroidManifest.xml:5:5-7:41
MERGED from [com.android.support.constraint:constraint-layout:1.0.2] AndroidManifest.xml:5:5-7:41
MERGED from [com.amulyakhare:com.amulyakhare.textdrawable:1.0.1] AndroidManifest.xml:8:5-10:41
MERGED from [com.amulyakhare:com.amulyakhare.textdrawable:1.0.1] AndroidManifest.xml:8:5-10:41
MERGED from [com.labo.kaji:swipeawaydialog:0.1.0] AndroidManifest.xml:7:5-9:41
MERGED from [com.labo.kaji:swipeawaydialog:0.1.0] AndroidManifest.xml:7:5-9:41
MERGED from [com.baoyz.swipemenulistview:library:1.3.0] AndroidManifest.xml:7:5-9:41
MERGED from [com.baoyz.swipemenulistview:library:1.3.0] AndroidManifest.xml:7:5-9:41
MERGED from [com.google.android.gms:play-services-maps:11.6.0] AndroidManifest.xml:23:5-43
MERGED from [com.google.android.gms:play-services-maps:11.6.0] AndroidManifest.xml:23:5-43
MERGED from [com.github.paolorotolo:expandableheightlistview:1.0.0] AndroidManifest.xml:7:5-9:41
MERGED from [com.github.paolorotolo:expandableheightlistview:1.0.0] AndroidManifest.xml:7:5-9:41
MERGED from [com.victor:lib:1.0.4] AndroidManifest.xml:7:5-9:41
MERGED from [com.victor:lib:1.0.4] AndroidManifest.xml:7:5-9:41
MERGED from [me.grantland:autofittextview:0.2.1] AndroidManifest.xml:7:5-9:41
MERGED from [me.grantland:autofittextview:0.2.1] AndroidManifest.xml:7:5-9:41
MERGED from [com.jakewharton:butterknife:8.0.1] AndroidManifest.xml:5:5-43
MERGED from [com.jakewharton:butterknife:8.0.1] AndroidManifest.xml:5:5-43
MERGED from [com.rilixtech:entypo-typeface:1.0.0.3] AndroidManifest.xml:8:5-10:41